2025-05-18 19:45:16 | jaynujangad03@gmail.com | http://localhost/CMS/reset_password.php?token=0cda9b00e26780589b217c29117e981be1428324750e49cdd9f9495e3a271698
2025-05-18 19:45:17 | jaynujangad03@gmail.com | http://localhost/CMS/reset_password.php?token=4169bd450777973927c7701e62088b970c07c8881c365f36cd0332a5c3d92687
2025-05-18 19:45:17 | jaynujangad03@gmail.com | http://localhost/CMS/reset_password.php?token=b0654cdb60a2637158f064c85504b3a1f9992d4d819450e01ee49a6537d9c17c
2025-05-18 19:45:18 | jaynujangad03@gmail.com | http://localhost/CMS/reset_password.php?token=3f74101b6a5fa5412d67d1f1b30998646b5680ffa13dbcfff5bbf3cf2672651a
2025-05-18 19:45:18 | jaynujangad03@gmail.com | http://localhost/CMS/reset_password.php?token=b46f5e70b9f28c68f469f274cfbd4b7a167721775a8c8ffcdffd417d769db123
2025-05-18 19:45:18 | jaynujangad03@gmail.com | http://localhost/CMS/reset_password.php?token=9a32ba5a3e840a7a52e9d8861f473546fe04b52a680c934bcb07eb41573e2d40
2025-05-18 19:45:18 | jaynujangad03@gmail.com | http://localhost/CMS/reset_password.php?token=50977b8450f14725ad17feee19bfe96399ea59dc247ba92d98503fa41ac895cd
2025-05-18 19:45:19 | jaynujangad03@gmail.com | http://localhost/CMS/reset_password.php?token=49a6cd982c6b616f725259dd9e65fe19a0bdc7fd7137f975d4ed5a2a24134ea5
2025-05-18 19:45:19 | jaynujangad03@gmail.com | http://localhost/CMS/reset_password.php?token=30aa01428ba10a0a04a494c04c2a6c2232a5127a9492d02f1d968fa488b9e826
2025-05-18 19:45:20 | jaynujangad03@gmail.com | http://localhost/CMS/reset_password.php?token=36ef9a6f2bb4f4595dd65603e6b6760bf879a6ecd4c79134fbfb94d2403863bf
2025-05-18 19:45:20 | jaynujangad03@gmail.com | http://localhost/CMS/reset_password.php?token=1c2993880eb782882f801634d3f703070da08bb7c3c27460c417fd817d132eb1
2025-05-18 19:45:20 | jaynujangad03@gmail.com | http://localhost/CMS/reset_password.php?token=b5c2415e629601e0f08396983aac39d13d49af66a5c71b0ce89f987132966592
2025-05-18 19:45:20 | jaynujangad03@gmail.com | http://localhost/CMS/reset_password.php?token=45c8e53e66250b408d546b227d564b953bd94a57c9c3ee894d5c71acb30160b6
2025-05-18 19:45:21 | jaynujangad03@gmail.com | http://localhost/CMS/reset_password.php?token=115f659e255b5a2512720ae41415da1b9abb377cd6e15c1aff941b5ac2dcd79b
2025-05-18 19:45:22 | jaynujangad03@gmail.com | http://localhost/CMS/reset_password.php?token=d51fd70d6df396c2b2b8e731b8a359eda505dcac29eb697fd7c506c23ede8b8f
2025-05-18 19:45:49 | jaynujangad03@gmail.com | http://localhost/CMS/reset_password.php?token=c9624fa6a43ef34877a45909f53e0e4a5864c34dd2361f77aea00ba7d5864226
2025-05-18 19:45:50 | jaynujangad03@gmail.com | http://localhost/CMS/reset_password.php?token=d4e17119c64fb55a45c73d81d8cf54038943684a67d3f81d67ca6366ec6549c0
2025-05-18 19:45:51 | jaynujangad03@gmail.com | http://localhost/CMS/reset_password.php?token=b211be78e41221a65b3f7fa385ff8739778aa1ea3017a2cedb6c0faba1689c04
2025-05-18 19:45:51 | jaynujangad03@gmail.com | http://localhost/CMS/reset_password.php?token=748817edce26be3502113f908246cbd20e94af8b67a036aa94ae99c2bc10ebb6
2025-05-18 19:45:51 | jaynujangad03@gmail.com | http://localhost/CMS/reset_password.php?token=24f07ff3df4392aa6f25c7723b9cd4063f50af3d9dfcfc88507ef4b85ecb12d9
2025-05-18 19:45:56 | jaynujangad03@gmail.com | http://localhost/CMS/reset_password.php?token=1d89580eb1321cb202b6e489ad1b3e737ec3d6736cf85b3a910f240172c6f0f9
2025-05-18 19:45:57 | jaynujangad03@gmail.com | http://localhost/CMS/reset_password.php?token=c1bfc73479245237c81bb5b1e9ff122c7d67698ab1de24cb575bb128cb0c070c
2025-05-18 19:45:58 | jaynujangad03@gmail.com | http://localhost/CMS/reset_password.php?token=c6d049ae24d086d499336a69fcb712b0894e7ffea272f0ff19054982d68b6d93
2025-05-18 19:45:59 | jaynujangad03@gmail.com | http://localhost/CMS/reset_password.php?token=595f32076bf5cf2d8dd33718e2f4704ccc8f3f78fe4391509e4d230fd1c6cc1f
2025-05-18 19:45:59 | jaynujangad03@gmail.com | http://localhost/CMS/reset_password.php?token=471a85c5cbb47b696833e3b1a410d4ca4d18a7a0c2a8296004c64722b5b45a29
2025-05-18 19:48:42 | jaynujangad03@gmail.com | http://localhost/CMS/reset_password.php?token=dc0e2be3b066c44a6b83691807136fc23416d25ca75e4094c20e8ac5d925254d
2025-05-18 19:48:43 | jaynujangad03@gmail.com | http://localhost/CMS/reset_password.php?token=2ee561447f12f28c00cb2739a946798bf453c25ef9f968dc0e36bcb8e066d37f
2025-05-18 19:48:43 | jaynujangad03@gmail.com | http://localhost/CMS/reset_password.php?token=51c64e652c3a540946a51c7e703f482b978651040ec44cb0f9bc6529b46315cc
2025-05-18 19:48:43 | jaynujangad03@gmail.com | http://localhost/CMS/reset_password.php?token=5708a17c6c5010034b488cb376a286350c1fb66a8f9c68f1781e056601683e91
2025-05-18 19:48:43 | jaynujangad03@gmail.com | http://localhost/CMS/reset_password.php?token=b68ac50b6d560d4cce2b8aafd932e54975ded50d5950c41a548abcc771418d37
2025-05-18 19:48:44 | jaynujangad03@gmail.com | http://localhost/CMS/reset_password.php?token=8a4f10c89d0b3993ec23a1e1c5c8287101900b4758b843461c401ed7eab0d60c
2025-05-18 19:48:44 | jaynujangad03@gmail.com | http://localhost/CMS/reset_password.php?token=dbb59b6fa2ee080c66e0c30db28096ff264ba61858fd124a0f0660c904f24719
2025-05-18 19:48:45 | jaynujangad03@gmail.com | http://localhost/CMS/reset_password.php?token=d2a07f735802d1aa06b7400ed13aeea6996a61389ae15f3da1a76eb15d713f50
2025-05-18 19:48:45 | jaynujangad03@gmail.com | http://localhost/CMS/reset_password.php?token=3d47f282e1a9fd1b2bbefd498b244d0beb190c9ed4a874c4aad7b621cf36a07b
2025-05-18 19:48:45 | jaynujangad03@gmail.com | http://localhost/CMS/reset_password.php?token=1cd4da83dc36b6c5f64aa45f9a5fd91bbcddf9259572da42a73eec54a4b44aa2
2025-05-18 19:48:45 | jaynujangad03@gmail.com | http://localhost/CMS/reset_password.php?token=1fd240b24e582c7d326b36726ea857be98aeb268ecec889a99f78b1ec56cda4c
2025-05-18 19:48:46 | jaynujangad03@gmail.com | http://localhost/CMS/reset_password.php?token=ebfc5351a0416f67eea943fba7a65cce2eb5aaed65c2783b32b2f1b2ee582b49
2025-05-18 19:48:46 | jaynujangad03@gmail.com | http://localhost/CMS/reset_password.php?token=6e06895eeade7d9cb150794ef0fcdbbbb61fd6a70df995f46f233383ccd8cd68
2025-05-18 21:15:58 | jaynujangad03@gmail.com | http://localhost/CMS/reset_password.php?token=dd7069dd33478e1f07fb20f9bba57b3dfa7d6099275e3b7513a42b362febad62
2025-05-18 21:15:58 | jaynujangad03@gmail.com | http://localhost/CMS/reset_password.php?token=1651f55a223dc98728dd3dc32558f697e12176c6347ba9502788e23b089cb0af
2025-05-18 21:15:59 | jaynujangad03@gmail.com | http://localhost/CMS/reset_password.php?token=d303d9f5c4440d943de8acd2f65aa891f08b8614b0642e805cc40223744119d3
2025-05-18 21:15:59 | jaynujangad03@gmail.com | http://localhost/CMS/reset_password.php?token=080c4d936e8040aa2e4f44b356ec0ffdcb0bdfc8d53c140bc9988e6dbdedaf5a
2025-05-18 21:16:00 | jaynujangad03@gmail.com | http://localhost/CMS/reset_password.php?token=9007a009051c54de791162316cfe445dd31679f98b8ca3bb47a4fe387bc0a334
2025-05-18 21:16:00 | jaynujangad03@gmail.com | http://localhost/CMS/reset_password.php?token=da01be76bfe467698ed4ecae31c670e023eb506aace5102e887a1d9e55dee049
2025-05-18 21:16:00 | jaynujangad03@gmail.com | http://localhost/CMS/reset_password.php?token=3fed7c4b24321ecf15bf9a27b1a1894251eb8a18a06920950933ae9544cea971
2025-05-18 21:16:00 | jaynujangad03@gmail.com | http://localhost/CMS/reset_password.php?token=00ef796f08454f3fab612a600edc7493b9af11e41e0fe145be1053166730291b
2025-05-18 21:16:01 | jaynujangad03@gmail.com | http://localhost/CMS/reset_password.php?token=449944897493388a97f83d8ee4247c7ef8c6ff621e5e68a3be139c6f5a58b010
2025-05-20 00:20:34 | jaynujangad03@gmail.com | http://localhost/CMS/reset_password.php?token=21254ace4c9f0fb737cb9d28e09d9354e01451d08f7ca6e312f15a770c4f74b1
2025-05-20 00:20:37 | jaynujangad03@gmail.com | http://localhost/CMS/reset_password.php?token=8bc55aa0340c42e15ccfffe8cd880267d06d7e8732af43b44bed9960e6e7d8e3
2025-08-26 11:47:52 | jaynujangad03@gmail.com | http://localhost/update/CMS/reset_password.php?token=4f4f8e1e00a0381d2a31dbaa1592df46628cc0cc0fd232196869fdc7eaa64422
2025-08-26 11:47:57 | jaynujangad03@gmail.com | http://localhost/update/CMS/reset_password.php?token=ddcba124a0b407b45db5a24627d5d1f49c4216590b222c925a501dc9909ab289
2025-08-26 11:50:00 | jaynujangad03@gmail.com | http://localhost/update/CMS/reset_password.php?token=25ba2535ce7896c94bfac7164331668e491f20c1e320bd342d3441b325444dfa
2025-08-26 11:50:28 | jaynujangad03@gmail.com | http://localhost/update/CMS/reset_password.php?token=6f0f807f66e418892e70298589e42bcfbe517298eb1d863d226825920b3f74c6
2025-08-26 11:52:05 | jaynujangad03@gmail.com | http://localhost/update/CMS/reset_password.php?token=5bdf07b9ce2db77e17cf25ca96b00008ec0a74ba115b3db5279d3f3b060b1356
2025-08-26 11:52:16 | jaynujangad03@gmail.com | http://localhost/update/CMS/reset_password.php?token=e4ca5ad0bcb3967721c1f9a5fe29c28cfe79689815beb4e68c344e6d589e97d5
2025-08-26 11:52:50 | DB CONNECT SUCCESS
2025-08-26 11:52:50 | QUERY EXECUTED for email: jaynujangad03@gmail.com
2025-08-26 11:52:50 | USER FOUND: {"id":8,"username":"vince"}
2025-08-26 11:52:50 | PASSWORD_RESET TABLE CHECKED
2025-08-26 11:52:50 | PASSWORD_RESET INSERTED
2025-08-26 11:52:53 | jaynujangad03@gmail.com | http://localhost/update/CMS/reset_password.php?token=a202de18236bf21cb54d0ea137c73cdca7a51f69af0b2fcbd19119e18e0be1be
2025-08-26 11:52:53 | MAIL FAILED
2025-08-26 11:54:44 | DB CONNECT SUCCESS
2025-08-26 11:54:44 | QUERY EXECUTED for email: jaynujangad03@gmail.com
2025-08-26 11:54:44 | USER FOUND: {"id":8,"username":"vince"}
2025-08-26 11:54:44 | PASSWORD_RESET TABLE CHECKED
2025-08-26 11:54:44 | PASSWORD_RESET INSERTED
2025-08-26 11:54:46 | jaynujangad03@gmail.com | http://localhost/update/CMS/reset_password.php?token=e73b24fafd6824317d91c84cfd036c0623a60711292d70b8c51387b961e416ae
2025-08-26 11:54:46 | MAIL FAILED
2025-08-26 11:57:05 | DB CONNECT SUCCESS
2025-08-26 11:57:05 | QUERY EXECUTED for email: jaynujangad03@gmail.com
2025-08-26 11:57:05 | USER FOUND: {"id":11,"username":"staff"}
2025-08-26 11:57:05 | PASSWORD_RESET TABLE CHECKED
2025-08-26 11:57:05 | PASSWORD_RESET INSERTED
2025-08-26 11:57:07 | jaynujangad03@gmail.com | http://localhost/update/CMS/reset_password.php?token=6a3faeb492614a2af376cb6db6b6ddbf9b9b0a889df9d2e51f3eaa0b2093555c
2025-08-26 11:57:07 | MAIL FAILED
2025-08-26 12:01:04 | DB CONNECT SUCCESS
2025-08-26 12:01:04 | QUERY EXECUTED for email: jaynujangad03@gmail.com
2025-08-26 12:01:04 | USER FOUND: {"id":11,"username":"staff"}
2025-08-26 12:01:04 | PASSWORD_RESET TABLE CHECKED
2025-08-26 12:01:04 | PASSWORD_RESET INSERTED
2025-08-26 12:01:06 | jaynujangad03@gmail.com | http://localhost/update/CMS/reset_password.php?token=5c8d675cfd9e82cf6d1e0a2a69a87ecbe0d4b964c7951f01a87570a196af361c
2025-08-26 12:01:06 | MAIL FAILED
2025-08-26 12:06:04 | DB CONNECT SUCCESS
2025-08-26 12:06:04 | QUERY EXECUTED for email: jaynujangad03@gmail.com
2025-08-26 12:06:04 | USER FOUND: {"id":11,"username":"staff"}
2025-08-26 12:06:04 | PASSWORD_RESET TABLE CHECKED
2025-08-26 12:06:04 | PASSWORD_RESET INSERTED
2025-08-26 12:06:04 | jaynujangad03@gmail.com | http://localhost/update/CMS/reset_password.php?token=2b031659a53cef22bd8d15d0af6dbc7ccbf89e0c69c5bd5ceb2c3f04a6d1d4f2
2025-08-26 12:06:04 | MAIL FAILED (PHPMailer): Invalid address:  (From): noreply@localhost
2025-08-26 12:06:19 | DB CONNECT SUCCESS
2025-08-26 12:06:19 | QUERY EXECUTED for email: jaynujangad03@gmail.com
2025-08-26 12:06:19 | USER FOUND: {"id":11,"username":"staff"}
2025-08-26 12:06:19 | PASSWORD_RESET TABLE CHECKED
2025-08-26 12:06:19 | PASSWORD_RESET INSERTED
2025-08-26 12:06:19 | jaynujangad03@gmail.com | http://localhost/update/CMS/reset_password.php?token=7e466c20445f0b73a305b565b1f8b9351dca9fba231234ab9e8f0ff1d1f0a595
2025-08-26 12:06:19 | MAIL FAILED (PHPMailer): Invalid address:  (From): noreply@localhost
2025-08-26 12:07:43 | DB CONNECT SUCCESS
2025-08-26 12:07:43 | QUERY EXECUTED for email: jaynujangad03@gmail.com
2025-08-26 12:07:43 | USER FOUND: {"id":11,"username":"staff"}
2025-08-26 12:07:43 | PASSWORD_RESET TABLE CHECKED
2025-08-26 12:07:43 | PASSWORD_RESET INSERTED
2025-08-26 12:07:48 | MAIL SENT (PHPMailer)
2025-08-26 12:09:43 | DB CONNECT SUCCESS
2025-08-26 12:09:43 | QUERY EXECUTED for email: jaynujangad03@gmail.com
2025-08-26 12:09:43 | USER FOUND: {"id":11,"username":"staff"}
2025-08-26 12:09:43 | PASSWORD_RESET TABLE CHECKED
2025-08-26 12:09:43 | PASSWORD_RESET INSERTED
2025-08-26 12:09:47 | MAIL SENT (PHPMailer)
2025-08-26 12:13:37 | DB CONNECT SUCCESS
2025-08-26 12:13:37 | QUERY EXECUTED for email: jaynujangad03@gmail.com
2025-08-26 12:13:37 | USER FOUND: {"id":11,"username":"staff"}
2025-08-26 12:13:37 | PASSWORD_RESET TABLE CHECKED
2025-08-26 12:13:37 | PASSWORD_RESET INSERTED
2025-08-26 12:13:41 | MAIL SENT (PHPMailer)
2025-08-26 12:17:27 | DB CONNECT SUCCESS
2025-08-26 12:17:27 | QUERY EXECUTED for email: jaynujangad03@gmail.com
2025-08-26 12:17:27 | USER FOUND: {"id":11,"username":"staff"}
2025-08-26 12:17:27 | PASSWORD_RESET TABLE CHECKED
2025-08-26 12:17:27 | PASSWORD_RESET INSERTED
2025-08-26 12:17:31 | MAIL SENT (PHPMailer)
2025-08-26 12:19:09 | DB CONNECT SUCCESS
2025-08-26 12:19:09 | QUERY EXECUTED for email: jaynujangad03@gmail.com
2025-08-26 12:19:09 | USER FOUND: {"id":11,"username":"staff"}
2025-08-26 12:19:09 | PASSWORD_RESET TABLE CHECKED
2025-08-26 12:19:09 | PASSWORD_RESET INSERTED
2025-08-26 12:19:15 | MAIL SENT (PHPMailer)
2025-08-26 12:26:18 | DB CONNECT SUCCESS
2025-08-26 12:26:18 | QUERY EXECUTED for email: jaynujangad03@gmail.com
2025-08-26 12:26:18 | USER FOUND: {"id":11,"username":"staff"}
2025-08-26 12:26:18 | PASSWORD_RESET TABLE CHECKED
2025-08-26 12:26:18 | PASSWORD_RESET INSERTED
2025-08-26 12:26:23 | MAIL SENT (PHPMailer)
2025-08-26 12:34:07 | DB CONNECT SUCCESS
2025-08-26 12:34:07 | QUERY EXECUTED for email: jaynujangad03@gmail.com
2025-08-26 12:34:07 | USER FOUND: {"id":11,"username":"staff"}
2025-08-26 12:34:07 | PASSWORD_RESET TABLE CHECKED
2025-08-26 12:34:07 | PASSWORD_RESET INSERTED
2025-08-26 12:34:11 | MAIL SENT (PHPMailer)
2025-08-26 12:35:10 | DB CONNECT SUCCESS
2025-08-26 12:35:10 | QUERY EXECUTED for email: jaynujangad03@gmail.com
2025-08-26 12:35:10 | USER FOUND: {"id":11,"username":"staff"}
2025-08-26 12:35:10 | PASSWORD_RESET TABLE CHECKED
2025-08-26 12:35:10 | PASSWORD_RESET INSERTED
2025-08-26 12:35:15 | MAIL SENT (PHPMailer)
2025-08-26 12:38:06 | DB CONNECT SUCCESS
2025-08-26 12:38:06 | QUERY EXECUTED for email: jaynujangad03@gmail.com
2025-08-26 12:38:06 | USER FOUND: {"id":11,"username":"staff"}
2025-08-26 12:38:06 | PASSWORD_RESET TABLE CHECKED
2025-08-26 12:38:06 | PASSWORD_RESET INSERTED
2025-08-26 12:38:10 | MAIL SENT (PHPMailer)
2025-08-26 12:43:33 | DB CONNECT SUCCESS
2025-08-26 12:43:33 | QUERY EXECUTED for email: jaynujangad03@gmail.com
2025-08-26 12:43:33 | USER FOUND: {"id":11,"username":"staff"}
2025-08-26 12:43:33 | PASSWORD_RESET TABLE CHECKED
2025-08-26 12:43:33 | PASSWORD_RESET INSERTED
2025-08-26 12:43:37 | MAIL SENT (PHPMailer)
2025-08-26 12:46:03 | DB CONNECT SUCCESS
2025-08-26 12:46:03 | QUERY EXECUTED for email: jaynujangad03@gmail.com
2025-08-26 12:46:03 | USER FOUND: {"id":11,"username":"staff"}
2025-08-26 12:46:03 | PASSWORD_RESET TABLE CHECKED
2025-08-26 12:46:03 | PASSWORD_RESET INSERTED
2025-08-26 12:46:07 | MAIL SENT (PHPMailer)
2025-08-26 12:47:23 | DB CONNECT SUCCESS
2025-08-26 12:47:23 | QUERY EXECUTED for email: jaynujangad03@gmail.com
2025-08-26 12:47:23 | USER FOUND: {"id":11,"username":"staff"}
2025-08-26 12:47:23 | PASSWORD_RESET TABLE CHECKED
2025-08-26 12:47:23 | PASSWORD_RESET INSERTED
2025-08-26 12:47:27 | MAIL SENT (PHPMailer)
2025-08-26 12:50:28 | DB CONNECT SUCCESS
2025-08-26 12:50:28 | QUERY EXECUTED for email: jaynujangad03@gmail.com
2025-08-26 12:50:28 | USER FOUND: {"id":11,"username":"staff"}
2025-08-26 12:50:28 | PASSWORD_RESET TABLE CHECKED
2025-08-26 12:50:28 | PASSWORD_RESET INSERTED
2025-08-26 12:50:32 | MAIL SENT (PHPMailer)
2025-08-26 12:52:24 | DB CONNECT SUCCESS
2025-08-26 12:52:24 | QUERY EXECUTED for email: jaynujangad03@gmail.com
2025-08-26 12:52:24 | USER FOUND: {"id":11,"username":"staff"}
2025-08-26 12:52:24 | PASSWORD_RESET TABLE CHECKED
2025-08-26 12:52:24 | PASSWORD_RESET INSERTED
2025-08-26 12:52:27 | MAIL SENT (PHPMailer)
2025-08-26 12:55:39 | DB CONNECT SUCCESS
2025-08-26 12:55:39 | QUERY EXECUTED for email: jaynujangad03@gmail.com
2025-08-26 12:55:39 | USER FOUND: {"id":11,"username":"staff"}
2025-08-26 12:55:39 | PASSWORD_RESET TABLE CHECKED
2025-08-26 12:55:39 | PASSWORD_RESET INSERTED
2025-08-26 12:55:45 | MAIL SENT (PHPMailer)
2025-08-26 12:56:53 | DB CONNECT SUCCESS
2025-08-26 12:56:53 | QUERY EXECUTED for email: jaynujangad03@gmail.com
2025-08-26 12:56:53 | USER FOUND: {"id":11,"username":"staff"}
2025-08-26 12:56:53 | PASSWORD_RESET TABLE CHECKED
2025-08-26 12:56:53 | PASSWORD_RESET INSERTED
2025-08-26 12:56:56 | MAIL SENT (PHPMailer)
2025-08-26 12:58:31 | DB CONNECT SUCCESS
2025-08-26 12:58:31 | QUERY EXECUTED for email: jaynujangad03@gmail.com
2025-08-26 12:58:31 | USER FOUND: {"id":11,"username":"staff"}
2025-08-26 12:58:31 | PASSWORD_RESET TABLE CHECKED
2025-08-26 12:58:31 | PASSWORD_RESET INSERTED
2025-08-26 12:58:35 | MAIL SENT (PHPMailer)
2025-08-26 13:02:19 | DB CONNECT SUCCESS
2025-08-26 13:02:19 | QUERY EXECUTED for email: jaynujangad03@gmail.com
2025-08-26 13:02:19 | USER FOUND: {"id":11,"username":"staff"}
2025-08-26 13:02:19 | PASSWORD_RESET TABLE CHECKED
2025-08-26 13:02:19 | PASSWORD_RESET INSERTED
2025-08-26 13:02:22 | MAIL SENT (PHPMailer)
2025-08-26 13:04:18 | DB CONNECT SUCCESS
2025-08-26 13:04:18 | QUERY EXECUTED for email: jaynujangad03@gmail.com
2025-08-26 13:04:18 | USER FOUND: {"id":11,"username":"staff"}
2025-08-26 13:04:18 | PASSWORD_RESET TABLE CHECKED
2025-08-26 13:04:18 | PASSWORD_RESET INSERTED
2025-08-26 13:04:23 | MAIL SENT (PHPMailer)
2025-08-26 13:06:04 | DB CONNECT SUCCESS
2025-08-26 13:06:04 | QUERY EXECUTED for email: jaynujangad03@gmail.com
2025-08-26 13:06:04 | USER FOUND: {"id":11,"username":"staff"}
2025-08-26 13:06:04 | PASSWORD_RESET TABLE CHECKED
2025-08-26 13:06:04 | PASSWORD_RESET INSERTED
2025-08-26 13:06:10 | MAIL SENT (PHPMailer)
2025-08-26 13:07:51 | DB CONNECT SUCCESS
2025-08-26 13:07:51 | QUERY EXECUTED for email: jaynujangad03@gmail.com
2025-08-26 13:07:51 | USER FOUND: {"id":11,"username":"staff"}
2025-08-26 13:07:51 | PASSWORD_RESET TABLE CHECKED
2025-08-26 13:07:51 | PASSWORD_RESET INSERTED
2025-08-26 13:07:55 | MAIL SENT (PHPMailer)
2025-08-26 13:09:37 | DB CONNECT SUCCESS
2025-08-26 13:09:37 | QUERY EXECUTED for email: jaynujangad03@gmail.com
2025-08-26 13:09:37 | USER FOUND: {"id":11,"username":"staff"}
2025-08-26 13:09:37 | PASSWORD_RESET TABLE CHECKED
2025-08-26 13:09:37 | PASSWORD_RESET INSERTED
2025-08-26 13:09:41 | MAIL SENT (PHPMailer)
2025-08-26 13:11:32 | DB CONNECT SUCCESS
2025-08-26 13:11:32 | QUERY EXECUTED for email: jaynujangad03@gmail.com
2025-08-26 13:11:32 | USER FOUND: {"id":11,"username":"staff"}
2025-08-26 13:11:32 | PASSWORD_RESET TABLE CHECKED
2025-08-26 13:11:32 | PASSWORD_RESET INSERTED
2025-08-26 13:11:39 | MAIL SENT (PHPMailer)
2025-08-26 13:12:06 | DB CONNECT SUCCESS
2025-08-26 13:12:06 | QUERY EXECUTED for email: jaynujangad03@gmail.com
2025-08-26 13:12:06 | USER FOUND: {"id":11,"username":"staff"}
2025-08-26 13:12:06 | PASSWORD_RESET TABLE CHECKED
2025-08-26 13:12:06 | PASSWORD_RESET INSERTED
2025-08-26 13:12:11 | MAIL SENT (PHPMailer)
2025-08-26 13:14:34 | DB CONNECT SUCCESS
2025-08-26 13:14:34 | QUERY EXECUTED for email: jaynujangad03@gmail.com
2025-08-26 13:14:34 | USER FOUND: {"id":11,"username":"staff"}
2025-08-26 13:14:34 | PASSWORD_RESET TABLE CHECKED
2025-08-26 13:14:34 | PASSWORD_RESET INSERTED
2025-08-26 13:14:37 | MAIL SENT (PHPMailer)
2025-08-26 13:15:43 | DB CONNECT SUCCESS
2025-08-26 13:15:43 | QUERY EXECUTED for email: jaynujangad03@gmail.com
2025-08-26 13:15:43 | USER FOUND: {"id":11,"username":"staff"}
2025-08-26 13:15:43 | PASSWORD_RESET TABLE CHECKED
2025-08-26 13:15:43 | PASSWORD_RESET INSERTED
2025-08-26 13:15:46 | MAIL SENT (PHPMailer)
2025-08-26 13:20:54 | DB CONNECT SUCCESS
2025-08-26 13:20:54 | QUERY EXECUTED for email: jaynujangad03@gmail.com
2025-08-26 13:20:54 | USER FOUND: {"id":11,"username":"staff"}
2025-08-26 13:20:54 | PASSWORD_RESET TABLE CHECKED
2025-08-26 13:20:54 | PASSWORD_RESET INSERTED
2025-08-26 13:20:59 | MAIL SENT (PHPMailer)
2025-08-26 13:24:16 | DB CONNECT SUCCESS
2025-08-26 13:24:16 | QUERY EXECUTED for email: jaynujangad03@gmail.com
2025-08-26 13:24:16 | USER FOUND: {"id":11,"username":"staff"}
2025-08-26 13:24:16 | PASSWORD_RESET TABLE CHECKED
2025-08-26 13:24:16 | PASSWORD_RESET INSERTED
2025-08-26 13:24:20 | MAIL SENT (PHPMailer)
2025-08-26 13:36:39 | DB CONNECT SUCCESS
2025-08-26 13:36:39 | QUERY EXECUTED for email: jaynujangad03@gmail.com
2025-08-26 13:36:39 | USER FOUND: {"id":11,"username":"staff"}
2025-08-26 13:36:39 | PASSWORD_RESET TABLE CHECKED
2025-08-26 13:36:39 | PASSWORD_RESET INSERTED
2025-08-26 13:36:44 | MAIL SENT (PHPMailer)
2025-08-26 13:42:05 | DB CONNECT SUCCESS
2025-08-26 13:42:05 | QUERY EXECUTED for email: jaynujangad03@gmail.com
2025-08-26 13:42:05 | USER FOUND: {"id":11,"username":"staff"}
2025-08-26 13:42:05 | PASSWORD_RESET TABLE CHECKED
2025-08-26 13:42:05 | PASSWORD_RESET INSERTED
2025-08-26 13:42:09 | MAIL SENT (PHPMailer)
2025-08-26 13:44:13 | DB CONNECT SUCCESS
2025-08-26 13:44:13 | QUERY EXECUTED for email: jaynujangad03@gmail.com
2025-08-26 13:44:13 | USER FOUND: {"id":11,"username":"staff"}
2025-08-26 13:44:13 | PASSWORD_RESET TABLE CHECKED
2025-08-26 13:44:13 | PASSWORD_RESET INSERTED
2025-08-26 13:44:19 | MAIL SENT (PHPMailer)
2025-08-28 06:55:16 | DB CONNECT SUCCESS
2025-08-28 06:55:16 | QUERY EXECUTED for email: cedricjade13@gmail.com
2025-08-28 06:55:16 | USER FOUND: {"id":11,"username":"staff"}
2025-08-28 06:55:16 | PASSWORD_RESET TABLE CHECKED
2025-08-28 06:55:16 | PASSWORD_RESET INSERTED
2025-08-28 06:55:24 | MAIL SENT (PHPMailer)
2025-08-31 16:18:54 | DB CONNECT SUCCESS
2025-08-31 16:18:54 | QUERY EXECUTED for email: marielegabutero@gmail.com
2025-08-31 16:18:54 | ERROR: No account found with that email: marielegabutero@gmail.com
2025-08-31 16:19:03 | DB CONNECT SUCCESS
2025-08-31 16:19:03 | QUERY EXECUTED for email: marielegabutero@gmail.com
2025-08-31 16:19:03 | ERROR: No account found with that email: marielegabutero@gmail.com
2025-08-31 16:19:21 | DB CONNECT SUCCESS
2025-08-31 16:19:21 | QUERY EXECUTED for email: marielegabutero@gmail.com
2025-08-31 16:19:21 | ERROR: No account found with that email: marielegabutero@gmail.com
2025-08-31 16:19:21 | DB CONNECT SUCCESS
2025-08-31 16:19:21 | QUERY EXECUTED for email: marielegabutero@gmail.com
2025-08-31 16:19:21 | ERROR: No account found with that email: marielegabutero@gmail.com
2025-08-31 16:19:22 | DB CONNECT SUCCESS
2025-08-31 16:19:22 | QUERY EXECUTED for email: marielegabutero@gmail.com
2025-08-31 16:19:22 | ERROR: No account found with that email: marielegabutero@gmail.com
2025-08-31 16:19:28 | DB CONNECT SUCCESS
2025-08-31 16:19:28 | QUERY EXECUTED for email: marielegabutero@gmail.com
2025-08-31 16:19:28 | ERROR: No account found with that email: marielegabutero@gmail.com
2025-08-31 16:19:58 | DB CONNECT SUCCESS
2025-08-31 16:19:58 | QUERY EXECUTED for email: cedricjade13@gmail.com
2025-08-31 16:19:58 | USER FOUND: {"id":11,"username":"staff"}
2025-08-31 16:19:58 | PASSWORD_RESET TABLE CHECKED
2025-08-31 16:19:58 | PASSWORD_RESET INSERTED
2025-08-31 16:20:03 | MAIL SENT (PHPMailer)
2025-08-31 16:21:10 | DB CONNECT SUCCESS
2025-08-31 16:21:10 | QUERY EXECUTED for email: cedricjade13@gmail.com
2025-08-31 16:21:10 | USER FOUND: {"id":11,"username":"staff"}
2025-08-31 16:21:10 | PASSWORD_RESET TABLE CHECKED
2025-08-31 16:21:10 | PASSWORD_RESET INSERTED
2025-08-31 16:21:15 | MAIL SENT (PHPMailer)
2025-09-15 16:55:40 | DB CONNECT SUCCESS
2025-09-15 16:55:40 | QUERY EXECUTED for email: cedricjade13@gmail.com
2025-09-15 16:55:40 | USER FOUND: {"id":11,"username":"staff"}
2025-09-15 16:55:40 | PASSWORD_RESET TABLE CHECKED
2025-09-15 16:55:40 | PASSWORD_RESET INSERTED
2025-09-15 16:55:44 | MAIL SENT (PHPMailer)
2025-10-02 09:06:17 | DB CONNECT SUCCESS
2025-10-02 09:06:17 | QUERY EXECUTED for email: cedricjade13@gmail.com
2025-10-02 09:06:17 | USER FOUND: {"id":10,"username":"admin"}
2025-10-02 09:06:17 | PASSWORD_RESET TABLE CHECKED
2025-10-02 09:06:17 | PASSWORD_RESET INSERTED
2025-10-02 09:06:19 | DB CONNECT SUCCESS
2025-10-02 09:06:19 | QUERY EXECUTED for email: cedricjade13@gmail.com
2025-10-02 09:06:19 | USER FOUND: {"id":10,"username":"admin"}
2025-10-02 09:06:19 | PASSWORD_RESET TABLE CHECKED
2025-10-02 09:06:19 | PASSWORD_RESET INSERTED
2025-10-02 09:06:20 | MAIL SENT (PHPMailer)
2025-10-02 09:06:22 | MAIL SENT (PHPMailer)
2025-10-02 09:08:36 | DB CONNECT SUCCESS
2025-10-02 09:08:36 | QUERY EXECUTED for email: jaynu03@gmail.com
2025-10-02 09:08:36 | ERROR: No account found with that email: jaynu03@gmail.com
2025-10-02 09:08:50 | DB CONNECT SUCCESS
2025-10-02 09:08:50 | QUERY EXECUTED for email: jaynujangad03@gmail.com
2025-10-02 09:08:51 | USER FOUND: {"id":11,"username":"staff"}
2025-10-02 09:08:51 | PASSWORD_RESET TABLE CHECKED
2025-10-02 09:08:51 | PASSWORD_RESET INSERTED
2025-10-02 09:08:54 | MAIL SENT (PHPMailer)
2025-10-04 13:07:34 | DB CONNECT SUCCESS
2025-10-04 13:07:34 | QUERY EXECUTED for email: mataypaka13@gmail.com
2025-10-04 13:07:34 | ERROR: No account found with that email: mataypaka13@gmail.com
2025-10-20 06:05:55 | DB CONNECT SUCCESS
2025-10-20 06:05:55 | QUERY EXECUTED for email: cedricjade13@gmail.com
2025-10-20 06:05:55 | USER FOUND: {"id":10,"username":"admin"}
2025-10-20 06:05:55 | PASSWORD_RESET TABLE CHECKED
2025-10-20 06:05:55 | PASSWORD_RESET INSERTED
2025-10-20 06:05:59 | MAIL SENT (PHPMailer)
